                                                         --INPUT DATA--

     TITLE--  RAE 2822 AIRFOIL                                                                

     ITER = 180   IPLOT =  0   IPUNCH =  1   IOP =  0   ICAMTK =  1   IBAD =  1   ITRN =  1   INTR =  2

     NU =  65

     XU=   0.000000E+00   0.602000E-03   0.240800E-02   0.541200E-02   0.960700E-02   0.149840E-01   0.215300E-01   0.292280E-01
           0.380600E-01   0.480050E-01   0.590390E-01   0.711360E-01   0.842650E-01   0.983960E-01   0.113495E+00   0.129524E+00
           0.146447E+00   0.164221E+00   0.182803E+00   0.202150E+00   0.222215E+00   0.242949E+00   0.264302E+00   0.286222E+00
           0.308658E+00   0.331555E+00   0.354858E+00   0.378510E+00   0.402455E+00   0.426635E+00   0.450991E+00   0.475466E+00
           0.500000E+00   0.524534E+00   0.549009E+00   0.573365E+00   0.597545E+00   0.621490E+00   0.645142E+00   0.668445E+00
           0.691342E+00   0.713778E+00   0.735698E+00   0.757051E+00   0.777785E+00   0.797850E+00   0.817197E+00   0.835779E+00
           0.853553E+00   0.870476E+00   0.886505E+00   0.901604E+00   0.915735E+00   0.928864E+00   0.940961E+00   0.951995E+00
           0.961940E+00   0.970772E+00   0.978470E+00   0.985016E+00   0.990393E+00   0.994588E+00   0.997592E+00   0.999398E+00
           0.100000E+01

     YU=   0.000000E+00   0.316500E-02   0.630600E-02   0.941600E-02   0.124800E-01   0.154890E-01   0.184410E-01   0.213480E-01
           0.242190E-01   0.270620E-01   0.298740E-01   0.326440E-01   0.353600E-01   0.380110E-01   0.405850E-01   0.430710E-01
           0.454570E-01   0.477290E-01   0.498740E-01   0.518850E-01   0.537530E-01   0.554700E-01   0.570260E-01   0.584140E-01
           0.596290E-01   0.606600E-01   0.614970E-01   0.621330E-01   0.625620E-01   0.627790E-01   0.627740E-01   0.625300E-01
           0.620290E-01   0.612540E-01   0.601940E-01   0.588450E-01   0.572180E-01   0.553440E-01   0.532580E-01   0.509930E-01
           0.485750E-01   0.460290E-01   0.433770E-01   0.406410E-01   0.378470E-01   0.350170E-01   0.321760E-01   0.293470E-01
           0.265540E-01   0.238170E-01   0.211530E-01   0.185800E-01   0.161130E-01   0.137690E-01   0.115620E-01   0.950800E-02
           0.762200E-02   0.591500E-02   0.440100E-02   0.309200E-02   0.200100E-02   0.113700E-02   0.510000E-03   0.128000E-03
           0.000000E+00

     WU=   0.100000E+01   0.100000E+01   0.100000E+01   0.100000E+01   0.100000E+01   0.100000E+01   0.100000E+01   0.100000E+01
           0.100000E+01   0.100000E+01   0.100000E+01   0.100000E+01   0.100000E+01   0.100000E+01   0.100000E+01   0.100000E+01
           0.100000E+01   0.100000E+01   0.100000E+01   0.100000E+01   0.100000E+01   0.100000E+01   0.100000E+01   0.100000E+01
           0.100000E+01   0.100000E+01   0.100000E+01   0.100000E+01   0.100000E+01   0.100000E+01   0.100000E+01   0.100000E+01
           0.100000E+01   0.100000E+01   0.100000E+01   0.100000E+01   0.100000E+01   0.100000E+01   0.100000E+01   0.100000E+01
           0.100000E+01   0.100000E+01   0.100000E+01   0.100000E+01   0.100000E+01   0.100000E+01   0.100000E+01   0.100000E+01
           0.100000E+01   0.100000E+01   0.100000E+01   0.100000E+01   0.100000E+01   0.100000E+01   0.100000E+01   0.100000E+01
           0.100000E+01   0.100000E+01   0.100000E+01   0.100000E+01   0.100000E+01   0.100000E+01   0.100000E+01   0.100000E+01
           0.100000E+01

     NL =  65

     XL=   0.000000E+00   0.602000E-03   0.240800E-02   0.541200E-02   0.960700E-02   0.149840E-01   0.215300E-01   0.292280E-01
           0.380600E-01   0.480050E-01   0.590390E-01   0.711360E-01   0.842650E-01   0.983960E-01   0.113495E+00   0.129524E+00
           0.146447E+00   0.164221E+00   0.182803E+00   0.202150E+00   0.222215E+00   0.242949E+00   0.264302E+00   0.286222E+00
           0.308658E+00   0.331555E+00   0.354858E+00   0.378510E+00   0.402455E+00   0.426635E+00   0.450991E+00   0.475466E+00
           0.500000E+00   0.524534E+00   0.549009E+00   0.573365E+00   0.597545E+00   0.621490E+00   0.645142E+00   0.668445E+00
           0.691342E+00   0.713778E+00   0.735698E+00   0.757051E+00   0.777785E+00   0.797850E+00   0.817197E+00   0.835779E+00
           0.853553E+00   0.870476E+00   0.886505E+00   0.901604E+00   0.915735E+00   0.928864E+00   0.940961E+00   0.951995E+00
           0.961940E+00   0.970772E+00   0.978470E+00   0.985016E+00   0.990393E+00   0.994588E+00   0.997592E+00   0.999398E+00
           0.100000E+01

     YL=   0.000000E+00  -0.316000E-02  -0.630800E-02  -0.944300E-02  -0.125590E-01  -0.156490E-01  -0.187070E-01  -0.217220E-01
          -0.246850E-01  -0.275860E-01  -0.304160E-01  -0.331700E-01  -0.358430E-01  -0.384310E-01  -0.409290E-01  -0.433260E-01
          -0.456100E-01  -0.477730E-01  -0.498050E-01  -0.516940E-01  -0.534270E-01  -0.549940E-01  -0.563760E-01  -0.575470E-01
          -0.584590E-01  -0.590460E-01  -0.592360E-01  -0.589740E-01  -0.582240E-01  -0.569790E-01  -0.552570E-01  -0.530990E-01
          -0.505630E-01  -0.477190E-01  -0.446420E-01  -0.413970E-01  -0.380430E-01  -0.346310E-01  -0.312070E-01  -0.278140E-01
          -0.244950E-01  -0.212890E-01  -0.182320E-01  -0.153570E-01  -0.126900E-01  -0.102440E-01  -0.802700E-02  -0.604800E-02
          -0.431400E-02  -0.282900E-02  -0.159200E-02  -0.600000E-03   0.157000E-03   0.694000E-03   0.103300E-02   0.119700E-02
           0.121200E-02   0.111200E-02   0.935000E-03   0.719000E-03   0.497000E-03   0.296000E-03   0.137000E-03   0.350000E-04
           0.000000E+00

     WL=   0.100000E+01   0.100000E+01   0.100000E+01   0.100000E+01   0.100000E+01   0.100000E+01   0.100000E+01   0.100000E+01
           0.100000E+01   0.100000E+01   0.100000E+01   0.100000E+01   0.100000E+01   0.100000E+01   0.100000E+01   0.100000E+01
           0.100000E+01   0.100000E+01   0.100000E+01   0.100000E+01   0.100000E+01   0.100000E+01   0.100000E+01   0.100000E+01
           0.100000E+01   0.100000E+01   0.100000E+01   0.100000E+01   0.100000E+01   0.100000E+01   0.100000E+01   0.100000E+01
           0.100000E+01   0.100000E+01   0.100000E+01   0.100000E+01   0.100000E+01   0.100000E+01   0.100000E+01   0.100000E+01
           0.100000E+01   0.100000E+01   0.100000E+01   0.100000E+01   0.100000E+01   0.100000E+01   0.100000E+01   0.100000E+01
           0.100000E+01   0.100000E+01   0.100000E+01   0.100000E+01   0.100000E+01   0.100000E+01   0.100000E+01   0.100000E+01
           0.100000E+01   0.100000E+01   0.100000E+01   0.100000E+01   0.100000E+01   0.100000E+01   0.100000E+01   0.100000E+01
           0.100000E+01

   NINT = 100

   XINT=   0.000000E+00   0.252000E-03   0.100700E-02   0.226400E-02   0.402300E-02   0.628100E-02   0.903600E-02   0.122850E-01
           0.160260E-01   0.202540E-01   0.249640E-01   0.301540E-01   0.358160E-01   0.419460E-01   0.485370E-01   0.555820E-01
           0.630750E-01   0.710080E-01   0.793730E-01   0.881620E-01   0.973650E-01   0.106973E+00   0.116978E+00   0.127368E+00
           0.138133E+00   0.149263E+00   0.160745E+00   0.172570E+00   0.184724E+00   0.197195E+00   0.209972E+00   0.223040E+00
           0.236387E+00   0.250000E+00   0.263864E+00   0.277967E+00   0.292292E+00   0.306827E+00   0.321557E+00   0.336466E+00
           0.351540E+00   0.366763E+00   0.382121E+00   0.397597E+00   0.413176E+00   0.428843E+00   0.444581E+00   0.460375E+00
           0.476209E+00   0.492067E+00   0.507933E+00   0.523791E+00   0.539625E+00   0.555419E+00   0.571157E+00   0.586824E+00
           0.602403E+00   0.617879E+00   0.633237E+00   0.648460E+00   0.663534E+00   0.678443E+00   0.693173E+00   0.707708E+00
           0.722033E+00   0.736136E+00   0.750000E+00   0.763613E+00   0.776960E+00   0.790028E+00   0.802805E+00   0.815276E+00
           0.827430E+00   0.839255E+00   0.850737E+00   0.861867E+00   0.872632E+00   0.883022E+00   0.893027E+00   0.902635E+00
           0.911838E+00   0.920627E+00   0.928992E+00   0.936925E+00   0.944418E+00   0.951463E+00   0.958054E+00   0.964184E+00
           0.969846E+00   0.975036E+00   0.979746E+00   0.983974E+00   0.987715E+00   0.990964E+00   0.993719E+00   0.995977E+00
           0.997736E+00   0.998993E+00   0.999748E+00   0.100000E+01

   CNEW =     1.000
1                                --INPUT COORDINATES--

     TITLE--  RAE 2822 AIRFOIL                                                                

         I           XU             YU             XL             YL
         1       0.000000       0.000000       0.000000       0.000000
         2       0.000602       0.003165       0.000602      -0.003160
         3       0.002408       0.006306       0.002408      -0.006308
         4       0.005412       0.009416       0.005412      -0.009443
         5       0.009607       0.012480       0.009607      -0.012559
         6       0.014984       0.015489       0.014984      -0.015649
         7       0.021530       0.018441       0.021530      -0.018707
         8       0.029228       0.021348       0.029228      -0.021722
         9       0.038060       0.024219       0.038060      -0.024685
        10       0.048005       0.027062       0.048005      -0.027586
        11       0.059039       0.029874       0.059039      -0.030416
        12       0.071136       0.032644       0.071136      -0.033170
        13       0.084265       0.035360       0.084265      -0.035843
        14       0.098396       0.038011       0.098396      -0.038431
        15       0.113495       0.040585       0.113495      -0.040929
        16       0.129524       0.043071       0.129524      -0.043326
        17       0.146447       0.045457       0.146447      -0.045610
        18       0.164221       0.047729       0.164221      -0.047773
        19       0.182803       0.049874       0.182803      -0.049805
        20       0.202150       0.051885       0.202150      -0.051694
        21       0.222215       0.053753       0.222215      -0.053427
        22       0.242949       0.055470       0.242949      -0.054994
        23       0.264302       0.057026       0.264302      -0.056376
        24       0.286222       0.058414       0.286222      -0.057547
        25       0.308658       0.059629       0.308658      -0.058459
        26       0.331555       0.060660       0.331555      -0.059046
        27       0.354858       0.061497       0.354858      -0.059236
        28       0.378510       0.062133       0.378510      -0.058974
        29       0.402455       0.062562       0.402455      -0.058224
        30       0.426635       0.062779       0.426635      -0.056979
        31       0.450991       0.062774       0.450991      -0.055257
        32       0.475466       0.062530       0.475466      -0.053099
        33       0.500000       0.062029       0.500000      -0.050563
        34       0.524534       0.061254       0.524534      -0.047719
        35       0.549009       0.060194       0.549009      -0.044642
        36       0.573365       0.058845       0.573365      -0.041397
        37       0.597545       0.057218       0.597545      -0.038043
        38       0.621490       0.055344       0.621490      -0.034631
        39       0.645142       0.053258       0.645142      -0.031207
        40       0.668445       0.050993       0.668445      -0.027814
        41       0.691342       0.048575       0.691342      -0.024495
        42       0.713778       0.046029       0.713778      -0.021289
        43       0.735698       0.043377       0.735698      -0.018232
        44       0.757051       0.040641       0.757051      -0.015357
        45       0.777785       0.037847       0.777785      -0.012690
        46       0.797850       0.035017       0.797850      -0.010244
        47       0.817197       0.032176       0.817197      -0.008027
        48       0.835779       0.029347       0.835779      -0.006048
        49       0.853553       0.026554       0.853553      -0.004314
        50       0.870476       0.023817       0.870476      -0.002829
        51       0.886505       0.021153       0.886505      -0.001592
        52       0.901604       0.018580       0.901604      -0.000600
        53       0.915735       0.016113       0.915735       0.000157
        54       0.928864       0.013769       0.928864       0.000694
        55       0.940961       0.011562       0.940961       0.001033
        56       0.951995       0.009508       0.951995       0.001197
        57       0.961940       0.007622       0.961940       0.001212
        58       0.970772       0.005915       0.970772       0.001112
        59       0.978470       0.004401       0.978470       0.000935
        60       0.985016       0.003092       0.985016       0.000719
        61       0.990393       0.002001       0.990393       0.000497
        62       0.994588       0.001137       0.994588       0.000296
        63       0.997592       0.000510       0.997592       0.000137
        64       0.999398       0.000128       0.999398       0.000035
        65       1.000000       0.000000       1.000000       0.000000

1                     --TRANSLATED AND ROTATED COORDINATES--

     TITLE--  RAE 2822 AIRFOIL                                                                

         I           XU             YU             XL             YL
         1       0.000000       0.000000       0.000000       0.000000
         2       0.000602       0.003165       0.000602      -0.003160
         3       0.002408       0.006306       0.002408      -0.006308
         4       0.005412       0.009416       0.005412      -0.009443
         5       0.009607       0.012480       0.009607      -0.012559
         6       0.014984       0.015489       0.014984      -0.015649
         7       0.021530       0.018441       0.021530      -0.018707
         8       0.029228       0.021348       0.029228      -0.021722
         9       0.038060       0.024219       0.038060      -0.024685
        10       0.048005       0.027062       0.048005      -0.027586
        11       0.059039       0.029874       0.059039      -0.030416
        12       0.071136       0.032644       0.071136      -0.033170
        13       0.084265       0.035360       0.084265      -0.035843
        14       0.098396       0.038011       0.098396      -0.038431
        15       0.113495       0.040585       0.113495      -0.040929
        16       0.129524       0.043071       0.129524      -0.043326
        17       0.146447       0.045457       0.146447      -0.045610
        18       0.164221       0.047729       0.164221      -0.047773
        19       0.182803       0.049874       0.182803      -0.049805
        20       0.202150       0.051885       0.202150      -0.051694
        21       0.222215       0.053753       0.222215      -0.053427
        22       0.242949       0.055470       0.242949      -0.054994
        23       0.264302       0.057026       0.264302      -0.056376
        24       0.286222       0.058414       0.286222      -0.057547
        25       0.308658       0.059629       0.308658      -0.058459
        26       0.331555       0.060660       0.331555      -0.059046
        27       0.354858       0.061497       0.354858      -0.059236
        28       0.378510       0.062133       0.378510      -0.058974
        29       0.402455       0.062562       0.402455      -0.058224
        30       0.426635       0.062779       0.426635      -0.056979
        31       0.450991       0.062774       0.450991      -0.055257
        32       0.475466       0.062530       0.475466      -0.053099
        33       0.500000       0.062029       0.500000      -0.050563
        34       0.524534       0.061254       0.524534      -0.047719
        35       0.549009       0.060194       0.549009      -0.044642
        36       0.573365       0.058845       0.573365      -0.041397
        37       0.597545       0.057218       0.597545      -0.038043
        38       0.621490       0.055344       0.621490      -0.034631
        39       0.645142       0.053258       0.645142      -0.031207
        40       0.668445       0.050993       0.668445      -0.027814
        41       0.691342       0.048575       0.691342      -0.024495
        42       0.713778       0.046029       0.713778      -0.021289
        43       0.735698       0.043377       0.735698      -0.018232
        44       0.757051       0.040641       0.757051      -0.015357
        45       0.777785       0.037847       0.777785      -0.012690
        46       0.797850       0.035017       0.797850      -0.010244
        47       0.817197       0.032176       0.817197      -0.008027
        48       0.835779       0.029347       0.835779      -0.006048
        49       0.853553       0.026554       0.853553      -0.004314
        50       0.870476       0.023817       0.870476      -0.002829
        51       0.886505       0.021153       0.886505      -0.001592
        52       0.901604       0.018580       0.901604      -0.000600
        53       0.915735       0.016113       0.915735       0.000157
        54       0.928864       0.013769       0.928864       0.000694
        55       0.940961       0.011562       0.940961       0.001033
        56       0.951995       0.009508       0.951995       0.001197
        57       0.961940       0.007622       0.961940       0.001212
        58       0.970772       0.005915       0.970772       0.001112
        59       0.978470       0.004401       0.978470       0.000935
        60       0.985016       0.003092       0.985016       0.000719
        61       0.990393       0.002001       0.990393       0.000497
        62       0.994588       0.001137       0.994588       0.000296
        63       0.997592       0.000510       0.997592       0.000137
        64       0.999398       0.000128       0.999398       0.000035
        65       1.000000       0.000000       1.000000       0.000000

     XNOSE =       0.000000     YNOSE =       0.000000     ANGLE =   0.000
1                             --SUMMARY OF INPUT DATA--

     TITLE--  RAE 2822 AIRFOIL                                                                

         I          X/C            Y/C            THETA          YPS            YPPS              W
         1       1.000000       0.000000        -180.00                                         1.00
         2       0.999398       0.000035        -179.81                                         1.00
         3       0.997592       0.000137        -179.26                                         1.00
         4       0.994588       0.000296        -178.34                                         1.00
         5       0.990393       0.000497        -177.08                                         1.00
         6       0.985016       0.000719        -175.51                                         1.00
         7       0.978470       0.000935        -173.64                                         1.00
         8       0.970772       0.001112        -171.52                                         1.00
         9       0.961940       0.001212        -169.16                                         1.00
        10       0.951995       0.001197        -166.61                                         1.00
        11       0.940961       0.001033        -163.88                                         1.00
        12       0.928864       0.000694        -161.02                                         1.00
        13       0.915735       0.000157        -158.04                                         1.00
        14       0.901604      -0.000600        -154.98                                         1.00
        15       0.886505      -0.001592        -151.84                                         1.00
        16       0.870476      -0.002829        -148.65                                         1.00
        17       0.853553      -0.004314        -145.43                                         1.00
        18       0.835779      -0.006048        -142.19                                         1.00
        19       0.817197      -0.008027        -138.93                                         1.00
        20       0.797850      -0.010244        -135.67                                         1.00
        21       0.777785      -0.012690        -132.42                                         1.00
        22       0.757051      -0.015357        -129.17                                         1.00
        23       0.735698      -0.018232        -125.94                                         1.00
        24       0.713778      -0.021289        -122.72                                         1.00
        25       0.691342      -0.024495        -119.52                                         1.00
        26       0.668445      -0.027814        -116.35                                         1.00
        27       0.645142      -0.031207        -113.19                                         1.00
        28       0.621490      -0.034631        -110.05                                         1.00
        29       0.597545      -0.038043        -106.93                                         1.00
        30       0.573365      -0.041397        -103.82                                         1.00
        31       0.549009      -0.044642        -100.74                                         1.00
        32       0.524534      -0.047719         -97.67                                         1.00
        33       0.500000      -0.050563         -94.61                                         1.00
        34       0.475466      -0.053099         -91.57                                         1.00
        35       0.450991      -0.055257         -88.54                                         1.00
        36       0.426635      -0.056979         -85.52                                         1.00
        37       0.402455      -0.058224         -82.51                                         1.00
        38       0.378510      -0.058974         -79.51                                         1.00
        39       0.354858      -0.059236         -76.51                                         1.00
        40       0.331555      -0.059046         -73.53                                         1.00
        41       0.308658      -0.058459         -70.55                                         1.00
        42       0.286222      -0.057547         -67.57                                         1.00
        43       0.264302      -0.056376         -64.60                                         1.00
        44       0.242949      -0.054994         -61.64                                         1.00
        45       0.222215      -0.053427         -58.68                                         1.00
        46       0.202150      -0.051694         -55.72                                         1.00
        47       0.182803      -0.049805         -52.77                                         1.00
        48       0.164221      -0.047773         -49.82                                         1.00
        49       0.146447      -0.045610         -46.88                                         1.00
        50       0.129524      -0.043326         -43.94                                         1.00
        51       0.113495      -0.040929         -41.00                                         1.00
        52       0.098396      -0.038431         -38.06                                         1.00
        53       0.084265      -0.035843         -35.12                                         1.00
        54       0.071136      -0.033170         -32.19                                         1.00
        55       0.059039      -0.030416         -29.26                                         1.00
        56       0.048005      -0.027586         -26.33                                         1.00
        57       0.038060      -0.024685         -23.40                                         1.00
        58       0.029228      -0.021722         -20.47                                         1.00
        59       0.021530      -0.018707         -17.55                                         1.00
        60       0.014984      -0.015649         -14.62                                         1.00
        61       0.009607      -0.012559         -11.70                                         1.00
        62       0.005412      -0.009443          -8.77                                         1.00
        63       0.002408      -0.006308          -5.85                                         1.00
        64       0.000602      -0.003160          -2.92                                         1.00
        65       0.000000       0.000000          -0.00                                         1.00
        66       0.000602       0.003165           2.92                                         1.00
        67       0.002408       0.006306           5.85                                         1.00
        68       0.005412       0.009416           8.77                                         1.00
        69       0.009607       0.012480          11.70                                         1.00
        70       0.014984       0.015489          14.62                                         1.00
        71       0.021530       0.018441          17.55                                         1.00
        72       0.029228       0.021348          20.47                                         1.00
        73       0.038060       0.024219          23.40                                         1.00
        74       0.048005       0.027062          26.33                                         1.00
        75       0.059039       0.029874          29.26                                         1.00
        76       0.071136       0.032644          32.19                                         1.00
        77       0.084265       0.035360          35.12                                         1.00
        78       0.098396       0.038011          38.06                                         1.00
        79       0.113495       0.040585          41.00                                         1.00
        80       0.129524       0.043071          43.94                                         1.00
        81       0.146447       0.045457          46.88                                         1.00
        82       0.164221       0.047729          49.82                                         1.00
        83       0.182803       0.049874          52.77                                         1.00
        84       0.202150       0.051885          55.72                                         1.00
        85       0.222215       0.053753          58.68                                         1.00
        86       0.242949       0.055470          61.64                                         1.00
        87       0.264302       0.057026          64.60                                         1.00
        88       0.286222       0.058414          67.57                                         1.00
        89       0.308658       0.059629          70.55                                         1.00
        90       0.331555       0.060660          73.53                                         1.00
        91       0.354858       0.061497          76.51                                         1.00
        92       0.378510       0.062133          79.51                                         1.00
        93       0.402455       0.062562          82.51                                         1.00
        94       0.426635       0.062779          85.52                                         1.00
        95       0.450991       0.062774          88.54                                         1.00
        96       0.475466       0.062530          91.57                                         1.00
        97       0.500000       0.062029          94.61                                         1.00
        98       0.524534       0.061254          97.67                                         1.00
        99       0.549009       0.060194         100.74                                         1.00
       100       0.573365       0.058845         103.82                                         1.00
       101       0.597545       0.057218         106.93                                         1.00
       102       0.621490       0.055344         110.05                                         1.00
       103       0.645142       0.053258         113.19                                         1.00
       104       0.668445       0.050993         116.35                                         1.00
       105       0.691342       0.048575         119.52                                         1.00
       106       0.713778       0.046029         122.72                                         1.00
       107       0.735698       0.043377         125.94                                         1.00
       108       0.757051       0.040641         129.17                                         1.00
       109       0.777785       0.037847         132.42                                         1.00
       110       0.797850       0.035017         135.67                                         1.00
       111       0.817197       0.032176         138.93                                         1.00
       112       0.835779       0.029347         142.19                                         1.00
       113       0.853553       0.026554         145.43                                         1.00
       114       0.870476       0.023817         148.65                                         1.00
       115       0.886505       0.021153         151.84                                         1.00
       116       0.901604       0.018580         154.98                                         1.00
       117       0.915735       0.016113         158.04                                         1.00
       118       0.928864       0.013769         161.02                                         1.00
       119       0.940961       0.011562         163.88                                         1.00
       120       0.951995       0.009508         166.61                                         1.00
       121       0.961940       0.007622         169.16                                         1.00
       122       0.970772       0.005915         171.52                                         1.00
       123       0.978470       0.004401         173.64                                         1.00
       124       0.985016       0.003092         175.51                                         1.00
       125       0.990393       0.002001         177.08                                         1.00
       126       0.994588       0.001137         178.34                                         1.00
       127       0.997592       0.000510         179.26                                         1.00
       128       0.999398       0.000128         179.81                                         1.00
       129       1.000000       0.000000         180.00                                         1.00

     CHORD =       1.000000
1 TITLE--  RAE 2822 AIRFOIL                                                                

                              --SUM OF SQUARES GENERATED DURING SMOOTHING PROCESS--

     1   0.5049990   0.0000073   0.0000008

   SMOOTHING PROCESS CONVERGED AFTER   3 ITERATIONS

   SUM OF SQUARES FROM LEAST SQUARES CUBIC SPLINE SMOOTHING =  0.1290E-05

   ITERATION PROCEDURE TO COMPUTE INCREMENTAL ADJUSTMENT TO SECOND DERIVATIVE CONVERGED IN   2 ITERATIONS AND DELTA = -0.7069E-05
1 TITLE--  RAE 2822 AIRFOIL                                                                

                                                --SMOOTHING OUTPUT SUMMARY--

    I     THETA     X/C       Y/C       YT/C     YSMO/C    DELTA       YPS      YPPS        DY/DX       D(DY/DX)/DX      CURVATURE
    1   -180.00  1.000000  0.000000  0.000000  0.000000 -0.000000  0.010756 -0.037662  -0.583183E-01  -0.139720E+01   0.139011E+01
    2   -179.81  0.999398  0.000035  0.000035  0.000035  0.000000  0.010632 -0.038084  -0.574770E-01  -0.139775E+01   0.139086E+01
    3   -179.26  0.997592  0.000137  0.000137  0.000136  0.000001  0.010256 -0.039345  -0.549515E-01  -0.139891E+01   0.139259E+01
    4   -178.34  0.994588  0.000296  0.000296  0.000295  0.000001  0.009611 -0.041427  -0.507478E-01  -0.139954E+01   0.139415E+01
    5   -177.08  0.990393  0.000497  0.000497  0.000496  0.000001  0.008670 -0.044369  -0.448752E-01  -0.139969E+01   0.139548E+01
    6   -175.51  0.985016  0.000719  0.000719  0.000717  0.000002  0.007396 -0.048360  -0.373376E-01  -0.140295E+01   0.140002E+01
    7   -173.64  0.978470  0.000935  0.000935  0.000931  0.000004  0.005737 -0.053528  -0.281250E-01  -0.141035E+01   0.140867E+01
    8   -171.52  0.970772  0.001112  0.001112  0.001106  0.000006  0.003642 -0.059342  -0.172728E-01  -0.140767E+01   0.140704E+01
    9   -169.16  0.961940  0.001212  0.001212  0.001204  0.000008  0.001098 -0.064369  -0.502162E-02  -0.136631E+01   0.136625E+01
   10   -166.61  0.951995  0.001197  0.001197  0.001188  0.000009 -0.001837 -0.067290   0.808058E-02  -0.127043E+01   0.127031E+01
   11   -163.88  0.940961  0.001033  0.001033  0.001024  0.000009 -0.005068 -0.068645   0.213899E-01  -0.114523E+01   0.114445E+01
   12   -161.02  0.928864  0.000694  0.000694  0.000685  0.000009 -0.008534 -0.070058   0.345156E-01  -0.102805E+01   0.102622E+01
   13   -158.04  0.915735  0.000157  0.000157  0.000146  0.000011 -0.012223 -0.071981   0.473329E-01  -0.927264E+00   0.924157E+00
   14   -154.98  0.901604 -0.000600 -0.000600 -0.000612  0.000012 -0.016120 -0.073646   0.597396E-01  -0.831539E+00   0.827107E+00
   15   -151.84  0.886505 -0.001592 -0.001592 -0.001605  0.000013 -0.020175 -0.074504   0.715495E-01  -0.735885E+00   0.730270E+00
   16   -148.65  0.870476 -0.002829 -0.002829 -0.002843  0.000014 -0.024325 -0.074748   0.825955E-01  -0.645478E+00   0.638929E+00
   17   -145.43  0.853553 -0.004314 -0.004314 -0.004329  0.000015 -0.028525 -0.074634   0.928076E-01  -0.564304E+00   0.557091E+00
   18   -142.19  0.835779 -0.006048 -0.006048 -0.006063  0.000015 -0.032734 -0.074033   0.102162E+00  -0.491049E+00   0.483461E+00
   19   -138.93  0.817197 -0.008027 -0.008027 -0.008043  0.000016 -0.036913 -0.073037   0.110664E+00  -0.426463E+00   0.418748E+00
   20   -135.67  0.797850 -0.010244 -0.010244 -0.010260  0.000016 -0.041043 -0.072152   0.118389E+00  -0.374126E+00   0.366396E+00
   21   -132.42  0.777785 -0.012690 -0.012690 -0.012708  0.000018 -0.045113 -0.071146   0.125440E+00  -0.330560E+00   0.322908E+00
   22   -129.17  0.757051 -0.015357 -0.015357 -0.015376  0.000019 -0.049065 -0.068379   0.131782E+00  -0.283066E+00   0.275849E+00
   23   -125.94  0.735698 -0.018232 -0.018232 -0.018250  0.000018 -0.052755 -0.062428   0.137168E+00  -0.223693E+00   0.217525E+00
   24   -122.72  0.713778 -0.021289 -0.021289 -0.021304  0.000015 -0.056011 -0.053595   0.141315E+00  -0.157118E+00   0.152526E+00
   25   -119.52  0.691342 -0.024495 -0.024495 -0.024509  0.000014 -0.058705 -0.042948   0.144074E+00  -0.910513E-01   0.882881E-01
   26   -116.35  0.668445 -0.027814 -0.027814 -0.027826  0.000012 -0.060755 -0.030922   0.145409E+00  -0.275037E-01   0.266539E-01
   27   -113.19  0.645142 -0.031207 -0.031207 -0.031216  0.000009 -0.062092 -0.017583   0.145310E+00   0.342682E-01   0.332108E-01
   28   -110.05  0.621490 -0.034631 -0.034631 -0.034637  0.000006 -0.062658 -0.003084   0.143769E+00   0.946939E-01   0.918321E-01
   29   -106.93  0.597545 -0.038043 -0.038043 -0.038047  0.000004 -0.062392  0.012846   0.140748E+00   0.156536E+00   0.151997E+00
   30   -103.82  0.573365 -0.041397 -0.041397 -0.041397  0.000000 -0.061205  0.031019   0.136124E+00   0.225100E+00   0.218986E+00
   31   -100.74  0.549009 -0.044642 -0.044642 -0.044638 -0.000004 -0.058960  0.052352   0.129649E+00   0.305958E+00   0.298402E+00
   32    -97.67  0.524534 -0.047719 -0.047720 -0.047710 -0.000009 -0.055488  0.077239   0.120979E+00   0.402253E+00   0.393580E+00
   33    -94.61  0.500000 -0.050563 -0.050563 -0.050546 -0.000017 -0.050640  0.104585   0.109782E+00   0.510646E+00   0.501551E+00
   34    -91.57  0.475466 -0.053099 -0.053099 -0.053075 -0.000024 -0.044374  0.131452   0.959222E-01   0.619949E+00   0.611490E+00
   35    -88.54  0.450991 -0.055257 -0.055257 -0.055227 -0.000030 -0.036811  0.154502   0.795702E-01   0.717515E+00   0.710754E+00
   36    -85.52  0.426635 -0.056979 -0.056979 -0.056945 -0.000034 -0.028227  0.171222   0.611823E-01   0.794021E+00   0.789583E+00
   37    -82.51  0.402455 -0.058224 -0.058224 -0.058188 -0.000036 -0.019014  0.179487   0.414397E-01   0.840703E+00   0.838542E+00
   38    -79.51  0.378510 -0.058974 -0.058973 -0.058939 -0.000035 -0.009653  0.177854   0.212131E-01   0.850315E+00   0.849742E+00
   39    -76.51  0.354858 -0.059236 -0.059236 -0.059205 -0.000031 -0.000655  0.166519   0.145613E-02   0.821477E+00   0.821475E+00
   40    -73.53  0.331555 -0.059046 -0.059047 -0.059022 -0.000024  0.007509  0.146683  -0.169196E-01   0.756077E+00   0.755753E+00
   41    -70.55  0.308658 -0.058459 -0.058460 -0.058445 -0.000014  0.014486  0.121587  -0.331978E-01   0.665430E+00   0.664332E+00
   42    -67.57  0.286222 -0.057547 -0.057548 -0.057540 -0.000007  0.020166  0.097239  -0.471428E-01   0.576873E+00   0.574956E+00
   43    -64.60  0.264302 -0.056376 -0.056377 -0.056372 -0.000004  0.024748  0.079587  -0.591979E-01   0.522612E+00   0.519877E+00
   44    -61.64  0.242949 -0.054994 -0.054994 -0.054990 -0.000004  0.028596  0.069176  -0.702207E-01   0.510210E+00   0.506460E+00
   45    -58.68  0.222215 -0.053427 -0.053427 -0.053423 -0.000004  0.032017  0.063259  -0.809857E-01   0.529398E+00   0.524232E+00
   46    -55.72  0.202150 -0.051694 -0.051694 -0.051689 -0.000005  0.035170  0.058983  -0.919691E-01   0.567251E+00   0.560130E+00
   47    -52.77  0.182803 -0.049805 -0.049805 -0.049801 -0.000004  0.038099  0.054748  -0.103396E+00   0.616423E+00   0.606668E+00
   48    -49.82  0.164221 -0.047773 -0.047773 -0.047769 -0.000004  0.040809  0.050553  -0.115412E+00   0.679936E+00   0.666574E+00
   49    -46.88  0.146447 -0.045610 -0.045610 -0.045607 -0.000003  0.043311  0.046822  -0.128223E+00   0.765863E+00   0.747356E+00
   50    -43.94  0.129524 -0.043326 -0.043326 -0.043322 -0.000004  0.045622  0.043153  -0.142080E+00   0.877766E+00   0.851842E+00
   51    -41.00  0.113495 -0.040929 -0.040929 -0.040926 -0.000003  0.047732  0.039093  -0.157227E+00   0.102002E+01   0.983337E+00
   52    -38.06  0.098396 -0.038431 -0.038431 -0.038429 -0.000002  0.049641  0.035387  -0.174004E+00   0.121381E+01   0.116070E+01
   53    -35.12  0.084265 -0.035843 -0.035843 -0.035841 -0.000002  0.051391  0.032910  -0.193014E+00   0.149480E+01   0.141500E+01
   54    -32.19  0.071136 -0.033170 -0.033170 -0.033167 -0.000003  0.053036  0.031365  -0.215125E+00   0.190222E+01   0.177742E+01
   55    -29.26  0.059039 -0.030416 -0.030416 -0.030413 -0.000003  0.054601  0.029792  -0.241402E+00   0.248749E+01   0.228488E+01
   56    -26.33  0.048005 -0.027586 -0.027586 -0.027583 -0.000003  0.056065  0.027500  -0.273160E+00   0.334227E+01   0.300028E+01
   57    -23.40  0.038060 -0.024685 -0.024685 -0.024683 -0.000002  0.057389  0.024284  -0.312257E+00   0.464517E+01   0.404010E+01
   58    -20.47  0.029228 -0.021722 -0.021722 -0.021720 -0.000002  0.058531  0.020418  -0.361621E+00   0.676386E+01   0.562514E+01
   59    -17.55  0.021530 -0.018707 -0.018707 -0.018706 -0.000001  0.059474  0.016522  -0.426303E+00   0.105133E+02   0.818388E+01
   60    -14.62  0.014984 -0.015649 -0.015649 -0.015649 -0.000000  0.060229  0.013025  -0.515625E+00   0.178774E+02   0.125522E+02
   61    -11.70  0.009607 -0.012559 -0.012559 -0.012559 -0.000000  0.060812  0.009841  -0.648282E+00   0.345046E+02   0.203855E+02
   62     -8.77  0.005412 -0.009443 -0.009443 -0.009444  0.000001  0.061250  0.007290  -0.867955E+00   0.811803E+02   0.349663E+02
   63     -5.85  0.002408 -0.006308 -0.006309 -0.006309  0.000001  0.061590  0.006048  -0.130631E+01   0.273257E+03   0.613723E+02
   64     -2.92  0.000602 -0.003160 -0.003159 -0.003158 -0.000002  0.061860  0.004539  -0.262152E+01   0.218408E+04   0.988804E+02
   65     -0.00  0.000000  0.000000  0.000001  0.000001 -0.000001  0.061976  0.000018   0.100000E+99   0.100000E+99   0.120481E+03
   66      2.92  0.000602  0.003165  0.003163  0.003160  0.000005  0.061801 -0.006880   0.261903E+01  -0.218621E+04   0.992239E+02
   67      5.85  0.002408  0.006306  0.006307  0.006303  0.000003  0.061290 -0.013162   0.129994E+01  -0.275139E+03   0.623675E+02
   68      8.77  0.005412  0.009416  0.009416  0.009411  0.000005  0.060493 -0.018069   0.857233E+00  -0.823600E+02   0.360433E+02
   69     11.70  0.009607  0.012480  0.012480  0.012473  0.000007  0.059485 -0.021420   0.634134E+00  -0.350919E+02   0.211361E+02
   70     14.62  0.014984  0.015489  0.015488  0.015482  0.000007  0.058388 -0.021571   0.499866E+00  -0.179865E+02   0.128722E+02
   71     17.55  0.021530  0.018441  0.018441  0.018437  0.000004  0.057373 -0.018171   0.411243E+00  -0.102566E+02   0.811362E+01
   72     20.47  0.029228  0.021348  0.021348  0.021346  0.000002  0.056556 -0.013814   0.349422E+00  -0.630991E+01   0.530858E+01
   73     23.40  0.038060  0.024219  0.024219  0.024218  0.000001  0.055911 -0.011462   0.304213E+00  -0.416443E+01   0.364667E+01
   74     26.33  0.048005  0.027062  0.027062  0.027061  0.000001  0.055298 -0.012491   0.269423E+00  -0.294921E+01   0.265494E+01
   75     29.26  0.059039  0.029874  0.029874  0.029871  0.000003  0.054564 -0.016240   0.241239E+00  -0.222130E+01   0.204060E+01
   76     32.19  0.071136  0.032644  0.032644  0.032639  0.000005  0.053611 -0.021001   0.217458E+00  -0.174674E+01   0.162978E+01
   77     35.12  0.084265  0.035360  0.035360  0.035354  0.000006  0.052418 -0.025603   0.196873E+00  -0.141233E+01   0.133403E+01
   78     38.06  0.098396  0.038011  0.038011  0.038004  0.000007  0.050996 -0.029906   0.178754E+00  -0.116773E+01   0.111392E+01
   79     41.00  0.113495  0.040585  0.040585  0.040578  0.000007  0.049351 -0.034259   0.162561E+00  -0.987781E+00   0.949881E+00
   80     43.94  0.129524  0.043071  0.043071  0.043063  0.000008  0.047471 -0.039043   0.147839E+00  -0.856509E+00   0.829177E+00
   81     46.88  0.146447  0.045457  0.045457  0.045447  0.000010  0.045337 -0.044057   0.134219E+00  -0.758249E+00   0.738211E+00
   82     49.82  0.164221  0.047729  0.047729  0.047717  0.000012  0.042959 -0.048456   0.121494E+00  -0.677685E+00   0.662952E+00
   83     52.77  0.182803  0.049874  0.049874  0.049862  0.000012  0.040379 -0.051810   0.109584E+00  -0.607547E+00   0.596765E+00
   84     55.72  0.202150  0.051885  0.051885  0.051872  0.000013  0.037635 -0.054742   0.984151E-01  -0.549739E+00   0.541848E+00
   85     58.68  0.222215  0.053753  0.053753  0.053740  0.000013  0.034730 -0.057866   0.878494E-01  -0.505461E+00   0.499666E+00
   86     61.64  0.242949  0.055470  0.055470  0.055455  0.000015  0.031663 -0.060870   0.777527E-01  -0.470110E+00   0.465879E+00
   87     64.60  0.264302  0.057026  0.057026  0.057011  0.000015  0.028451 -0.063327   0.680549E-01  -0.439634E+00   0.436597E+00
   88     67.57  0.286222  0.058414  0.058414  0.058399  0.000015  0.025106 -0.065778   0.586890E-01  -0.416087E+00   0.413946E+00
   89     70.55  0.308658  0.059629  0.059629  0.059612  0.000017  0.021610 -0.068871   0.495244E-01  -0.401785E+00   0.400312E+00
   90     73.53  0.331555  0.060660  0.060660  0.060642  0.000018  0.017943 -0.072122   0.404326E-01  -0.393150E+00   0.392188E+00
   91     76.51  0.354858  0.061497  0.061497  0.061478  0.000019  0.014122 -0.074481   0.313808E-01  -0.384502E+00   0.383934E+00
   92     79.51  0.378510  0.062133  0.062133  0.062114  0.000019  0.010195 -0.075820   0.224046E-01  -0.375290E+00   0.375007E+00
   93     82.51  0.402455  0.062562  0.062562  0.062543  0.000019  0.006181 -0.077424   0.134705E-01  -0.371628E+00   0.371527E+00
   94     85.52  0.426635  0.062779  0.062779  0.062760  0.000019  0.002032 -0.080493   0.440428E-02  -0.378907E+00   0.378895E+00
   95     88.54  0.450991  0.062774  0.062773  0.062753  0.000021 -0.002338 -0.085329  -0.505385E-02  -0.398415E+00   0.398400E+00
   96     91.57  0.475466  0.062530  0.062530  0.062507  0.000023 -0.007000 -0.090950  -0.151320E-01  -0.425898E+00   0.425751E+00
   97     94.61  0.500000  0.062029  0.062029  0.062005  0.000024 -0.011962 -0.095948  -0.259324E-01  -0.455447E+00   0.454988E+00
   98     97.67  0.524534  0.061254  0.061254  0.061229  0.000025 -0.017157 -0.098893  -0.374070E-01  -0.480944E+00   0.479936E+00
   99    100.74  0.549009  0.060194  0.060194  0.060168  0.000026 -0.022437 -0.098199  -0.493375E-01  -0.494928E+00   0.493126E+00
  100    103.82  0.573365  0.058845  0.058844  0.058821  0.000024 -0.027560 -0.092067  -0.612953E-01  -0.487681E+00   0.484946E+00
  101    106.93  0.597545  0.057218  0.057218  0.057199  0.000019 -0.032238 -0.080731  -0.727250E-01  -0.457938E+00   0.454329E+00
  102    110.05  0.621490  0.055344  0.055344  0.055330  0.000014 -0.036269 -0.067284  -0.832193E-01  -0.418441E+00   0.414132E+00
  103    113.19  0.645142  0.053258  0.053258  0.053248  0.000010 -0.039619 -0.054985  -0.927179E-01  -0.384449E+00   0.379544E+00
  104    116.35  0.668445  0.050993  0.050993  0.050985  0.000008 -0.042374 -0.044938  -0.101416E+00  -0.361771E+00   0.356260E+00
  105    119.52  0.691342  0.048575  0.048575  0.048569  0.000006 -0.044635 -0.036594  -0.109543E+00  -0.347850E+00   0.341681E+00
  106    122.72  0.713778  0.046029  0.046029  0.046024  0.000005 -0.046469 -0.029108  -0.117240E+00  -0.337964E+00   0.331114E+00
  107    125.94  0.735698  0.043377  0.043377  0.043374  0.000003 -0.047900 -0.021903  -0.124545E+00  -0.328175E+00   0.320685E+00
  108    129.17  0.757051  0.040641  0.040641  0.040641  0.000000 -0.048939 -0.014915  -0.131443E+00  -0.317257E+00   0.309209E+00
  109    132.42  0.777785  0.037847  0.037847  0.037848 -0.000001 -0.049600 -0.008412  -0.137915E+00  -0.306377E+00   0.297839E+00
  110    135.67  0.797850  0.035017  0.035017  0.035019 -0.000002 -0.049907 -0.002419  -0.143959E+00  -0.295206E+00   0.286261E+00
  111    138.93  0.817197  0.032176  0.032176  0.032180 -0.000004 -0.049887  0.003146  -0.149558E+00  -0.282516E+00   0.273296E+00
  112    142.19  0.835779  0.029347  0.029347  0.029352 -0.000005 -0.049571  0.007961  -0.154709E+00  -0.270844E+00   0.261403E+00
  113    145.43  0.853553  0.026554  0.026554  0.026560 -0.000006 -0.049018  0.011570  -0.159482E+00  -0.265434E+00   0.255620E+00
  114    148.65  0.870476  0.023817  0.023817  0.023823 -0.000006 -0.048297  0.014065  -0.163995E+00  -0.267377E+00   0.256942E+00
  115    151.84  0.886505  0.021153  0.021153  0.021160 -0.000007 -0.047464  0.015891  -0.168334E+00  -0.273513E+00   0.262286E+00
  116    154.98  0.901604  0.018580  0.018580  0.018587 -0.000007 -0.046557  0.017274  -0.172532E+00  -0.282193E+00   0.270046E+00
  117    158.04  0.915735  0.016113  0.016113  0.016120 -0.000007 -0.045606  0.018263  -0.176602E+00  -0.293623E+00   0.280403E+00
  118    161.02  0.928864  0.013769  0.013769  0.013776 -0.000007 -0.044638  0.019002  -0.180542E+00  -0.306421E+00   0.292027E+00
  119    163.88  0.940961  0.011562  0.011562  0.011569 -0.000007 -0.043675  0.019532  -0.184333E+00  -0.320354E+00   0.304694E+00
  120    166.61  0.951995  0.009508  0.009508  0.009515 -0.000007 -0.042746  0.019569  -0.187984E+00  -0.341563E+00   0.324226E+00
  121    169.16  0.961940  0.007622  0.007622  0.007628 -0.000006 -0.041885  0.019028  -0.191539E+00  -0.374024E+00   0.354346E+00
  122    171.52  0.970772  0.005915  0.005915  0.005921 -0.000006 -0.041118  0.018272  -0.195008E+00  -0.412284E+00   0.389837E+00
  123    173.64  0.978470  0.004401  0.004401  0.004408 -0.000007 -0.040462  0.017076  -0.198370E+00  -0.462545E+00   0.436526E+00
  124    175.51  0.985016  0.003092  0.003093  0.003098 -0.000006 -0.039947  0.014551  -0.201675E+00  -0.549311E+00   0.517424E+00
  125    177.08  0.990393  0.002001  0.002001  0.002006 -0.000005 -0.039601  0.010670  -0.204968E+00  -0.678170E+00   0.637572E+00
  126    178.34  0.994588  0.001137  0.001137  0.001139 -0.000002 -0.039411  0.006610  -0.208102E+00  -0.818319E+00   0.767900E+00
  127    179.26  0.997592  0.000510  0.000509  0.000510 -0.000000 -0.039331  0.003403  -0.210734E+00  -0.935518E+00   0.876489E+00
  128    179.81  0.999398  0.000128  0.000128  0.000128 -0.000000 -0.039308  0.001420  -0.212491E+00  -0.101142E+01   0.946595E+00
  129    180.00  1.000000  0.000000  0.000000  0.000000 -0.000000 -0.039304  0.000754  -0.213108E+00  -0.103757E+01   0.970697E+00

   LEADING-EDGE RADIUS/C=  0.008300

   DY/DX=0. AT X/C=  0.958214     Y/C=  0.001213     THETA=  -168.192

   DY/DX=0. AT X/C=  0.353081     Y/C= -0.059207     THETA=   -76.288

   DY/DX=0. AT X/C=  0.438131     Y/C=  0.062785     THETA=    86.947
1 TITLE--  RAE 2822 AIRFOIL                                                                

            CHECK OF SMOOTHED COORDINATES   DF=  0.000100

         I     (YSMO/C-CHECK VALUE)       (YPPS-CHECK VALUE)

         1           -0.000000                -0.000413
         2            0.000000                -0.000363
         3            0.000000                -0.000220
         4            0.000000                -0.000010
         5           -0.000000                 0.000140
         6           -0.000000                 0.000203
         7           -0.000000                 0.000093
         8            0.000000                -0.000208
         9            0.000000                -0.000381
        10            0.000000                -0.000255
        11            0.000000                 0.000038
        12           -0.000000                 0.000151
        13           -0.000000                -0.000018
        14            0.000000                -0.000121
        15            0.000000                -0.000063
        16           -0.000000                -0.000003
        17            0.000000                -0.000058
        18            0.000000                -0.000058
        19           -0.000000                 0.000084
        20           -0.000000                 0.000109
        21            0.000000                -0.000171
        22            0.000000                -0.000423
        23            0.000000                -0.000317
        24           -0.000000                -0.000104
        25           -0.000000                -0.000079
        26           -0.000000                -0.000109
        27           -0.000000                -0.000064
        28           -0.000000                -0.000080
        29            0.000000                -0.000192
        30            0.000000                -0.000340
        31            0.000000                -0.000461
        32            0.000000                -0.000382
        33            0.000000                -0.000002
        34           -0.000000                 0.000390
        35           -0.000000                 0.000588
        36           -0.000000                 0.000797
        37           -0.000000                 0.000985
        38           -0.000000                 0.000950
        39           -0.000000                 0.000929
        40           -0.000000                 0.000683
        41            0.000000                -0.000119
        42            0.000000                -0.001047
        43            0.000000                -0.000953
        44            0.000000                -0.000411
        45           -0.000000                -0.000009
        46           -0.000000                 0.000153
        47           -0.000000                 0.000043
        48            0.000000                -0.000098
        49           -0.000000                -0.000002
        50           -0.000000                 0.000129
        51           -0.000000                -0.000019
        52            0.000000                -0.000205
        53            0.000000                -0.000144
        54           -0.000000                 0.000021
        55           -0.000000                 0.000112
        56           -0.000000                 0.000129
        57           -0.000000                 0.000086
        58            0.000000                -0.000016
        59            0.000000                -0.000071
        60           -0.000000                 0.000004
        61            0.000000                -0.000055
        62            0.000000                -0.000301
        63            0.000000                -0.000052
        64           -0.000000                 0.000540
        65           -0.000000                 0.000405
        66            0.000000                -0.000201
        67            0.000000                -0.000172
        68           -0.000000                -0.000044
        69            0.000000                -0.000394
        70            0.000000                -0.000558
        71            0.000000                -0.000132
        72           -0.000000                 0.000320
        73           -0.000000                 0.000487
        74           -0.000000                 0.000335
        75            0.000000                 0.000043
        76            0.000000                -0.000112
        77            0.000000                -0.000082
        78            0.000000                 0.000003
        79           -0.000000                 0.000092
        80           -0.000000                 0.000073
        81            0.000000                -0.000091
        82            0.000000                -0.000178
        83            0.000000                -0.000038
        84           -0.000000                 0.000091
        85           -0.000000                -0.000002
        86            0.000000                -0.000123
        87            0.000000                -0.000008
        88           -0.000000                 0.000151
        89           -0.000000                 0.000063
        90            0.000000                -0.000161
        91            0.000000                -0.000213
        92            0.000000                 0.000017
        93           -0.000000                 0.000213
        94           -0.000000                 0.000272
        95           -0.000000                 0.000124
        96           -0.000000                -0.000036
        97           -0.000000                -0.000149
        98            0.000000                -0.000309
        99            0.000000                -0.000655
       100            0.000000                -0.000704
       101            0.000000                -0.000215
       102           -0.000000                 0.000283
       103           -0.000000                 0.000362
       104           -0.000000                 0.000196
       105            0.000000                 0.000055
       106            0.000000                -0.000023
       107            0.000000                -0.000010
       108           -0.000000                 0.000058
       109           -0.000000                 0.000049
       110            0.000000                 0.000004
       111           -0.000000                 0.000057
       112           -0.000000                 0.000145
       113           -0.000000                 0.000120
       114            0.000000                 0.000032
       115            0.000000                 0.000013
       116            0.000000                 0.000026
       117            0.000000                 0.000006
       118            0.000000                -0.000001
       119           -0.000000                 0.000066
       120            0.000000                 0.000052
       121            0.000000                -0.000015
       122           -0.000000                 0.000162
       123           -0.000000                 0.000558
       124           -0.000000                 0.000692
       125           -0.000000                 0.000433
       126            0.000000                -0.000043
       127            0.000000                -0.000706
       128            0.000000                -0.001133
       129           -0.000000                -0.001276

     SUM OF SQUARES=  0.000000                 0.000016
1          THE FOLLOWING DATA HAVE BEEN PUNCHED     IPUNCH=   1

   RAE 2822 AIRFOIL                                                                

   IOP =   0

   NU =  65

   DX =  0.000000  0.000602  0.002408  0.005412  0.009607  0.014984  0.021530  0.029228
         0.038060  0.048005  0.059039  0.071136  0.084265  0.098396  0.113495  0.129524
         0.146447  0.164221  0.182803  0.202150  0.222215  0.242949  0.264302  0.286222
         0.308658  0.331555  0.354858  0.378510  0.402455  0.426635  0.450991  0.475466
         0.500000  0.524534  0.549009  0.573365  0.597545  0.621490  0.645142  0.668445
         0.691342  0.713778  0.735698  0.757051  0.777785  0.797850  0.817197  0.835779
         0.853553  0.870476  0.886505  0.901604  0.915735  0.928864  0.940961  0.951995
         0.961940  0.970772  0.978470  0.985016  0.990393  0.994588  0.997592  0.999398
         1.000000

   DY =  0.000001  0.003160  0.006303  0.009411  0.012473  0.015482  0.018437  0.021346
         0.024218  0.027061  0.029871  0.032639  0.035354  0.038004  0.040578  0.043063
         0.045447  0.047717  0.049862  0.051872  0.053740  0.055455  0.057011  0.058399
         0.059612  0.060642  0.061478  0.062114  0.062543  0.062760  0.062753  0.062507
         0.062005  0.061229  0.060168  0.058821  0.057199  0.055330  0.053248  0.050985
         0.048569  0.046024  0.043374  0.040641  0.037848  0.035019  0.032180  0.029352
         0.026560  0.023823  0.021160  0.018587  0.016120  0.013776  0.011569  0.009515
         0.007628  0.005921  0.004408  0.003098  0.002006  0.001139  0.000510  0.000128
         0.000000

   NL =  65

   DX =  0.000000  0.000602  0.002408  0.005412  0.009607  0.014984  0.021530  0.029228
         0.038060  0.048005  0.059039  0.071136  0.084265  0.098396  0.113495  0.129524
         0.146447  0.164221  0.182803  0.202150  0.222215  0.242949  0.264302  0.286222
         0.308658  0.331555  0.354858  0.378510  0.402455  0.426635  0.450991  0.475466
         0.500000  0.524534  0.549009  0.573365  0.597545  0.621490  0.645142  0.668445
         0.691342  0.713778  0.735698  0.757051  0.777785  0.797850  0.817197  0.835779
         0.853553  0.870476  0.886505  0.901604  0.915735  0.928864  0.940961  0.951995
         0.961940  0.970772  0.978470  0.985016  0.990393  0.994588  0.997592  0.999398
         1.000000

   DY =  0.000001 -0.003158 -0.006309 -0.009444 -0.012559 -0.015649 -0.018706 -0.021720
        -0.024683 -0.027583 -0.030413 -0.033167 -0.035841 -0.038429 -0.040926 -0.043322
        -0.045607 -0.047769 -0.049801 -0.051689 -0.053423 -0.054990 -0.056372 -0.057540
        -0.058445 -0.059022 -0.059205 -0.058939 -0.058188 -0.056945 -0.055227 -0.053075
        -0.050546 -0.047710 -0.044638 -0.041397 -0.038047 -0.034637 -0.031216 -0.027826
        -0.024509 -0.021304 -0.018250 -0.015376 -0.012708 -0.010260 -0.008043 -0.006063
        -0.004329 -0.002843 -0.001605 -0.000612  0.000146  0.000685  0.001024  0.001188
         0.001204  0.001106  0.000931  0.000717  0.000496  0.000295  0.000136  0.000035
         0.000000
1 TITLE--  RAE 2822 AIRFOIL                                                                

                                --THICKNESS AND CAMBER DISTRIBUTION--

    I     XU/C      YU/C      XL/C      YL/C      X/C       Y/C      T/C/2     SLOPE          ERROR
    1  1.000000  0.000000  1.000000  0.000000  1.000000  0.000000  0.000000    0.0000       0.154789
    2  0.999398  0.000128  0.999379  0.000036  0.999389  0.000082  0.000047  -11.3551       0.130541
    3  0.997592  0.000510  0.997539  0.000139  0.997565  0.000325  0.000187   -8.1731       0.022914
    4  0.994588  0.001139  0.994479  0.000301  0.994533  0.000720  0.000423   -7.4161       0.003165
    5  0.990393  0.002006  0.990207  0.000504  0.990300  0.001255  0.000756   -7.0705       0.000055
    6  0.985016  0.003098  0.984734  0.000727  0.984875  0.001913  0.001194   -6.7718       0.000452
    7  0.978470  0.004408  0.978081  0.000942  0.978275  0.002675  0.001744   -6.4054       0.000196
    8  0.970772  0.005921  0.970267  0.001114  0.970520  0.003518  0.002417   -5.9959       0.000145
    9  0.961940  0.007628  0.961317  0.001207  0.961628  0.004417  0.003226   -5.5438       0.000098
   10  0.951995  0.009515  0.951256  0.001182  0.951626  0.005348  0.004183   -5.0659       0.000035
   11  0.940961  0.011569  0.940114  0.001006  0.940538  0.006287  0.005299   -4.5834       0.000058
   12  0.928864  0.013776  0.927923  0.000652  0.928393  0.007214  0.006579   -4.1022       0.000041
   13  0.915735  0.016120  0.914719  0.000097  0.915227  0.008109  0.008027   -3.6269       0.000036
   14  0.901604  0.018587  0.900540 -0.000676  0.901072  0.008955  0.009646   -3.1607       0.000028
   15  0.886505  0.021160  0.885424 -0.001683  0.885965  0.009738  0.011434   -2.7094       0.000020
   16  0.870476  0.023823  0.869412 -0.002931  0.869944  0.010446  0.013388   -2.2769       0.000018
   17  0.853553  0.026560  0.852545 -0.004423  0.853049  0.011069  0.015500   -1.8637       0.000009
   18  0.835779  0.029352  0.834869 -0.006157  0.835324  0.011598  0.017760   -1.4680       0.000002
   19  0.817197  0.032180  0.816433 -0.008127  0.816815  0.012026  0.020157   -1.0866       0.000008
   20  0.797850  0.035019  0.797285 -0.010327  0.797567  0.012346  0.022675   -0.7144       0.000009
   21  0.777785  0.037848  0.777477 -0.012746  0.777631  0.012551  0.025297   -0.3486       0.000006
   22  0.757051  0.040641  0.757060 -0.015375  0.757056  0.012633  0.028008    0.0093       0.000005
   23  0.735698  0.043374  0.736077 -0.018198  0.735888  0.012588  0.030786    0.3531       0.000001
   24  0.713778  0.046024  0.714570 -0.021193  0.714174  0.012416  0.033611    0.6747       0.000003
   25  0.691342  0.048569  0.692577 -0.024331  0.691959  0.012119  0.036455    0.9703       0.000000
   26  0.668445  0.050985  0.670145 -0.027578  0.669295  0.011703  0.039291    1.2397       0.000004
   27  0.645142  0.053248  0.647327 -0.030898  0.646234  0.011175  0.042087    1.4872       0.000002
   28  0.621490  0.055330  0.624178 -0.034250  0.622834  0.010540  0.044810    1.7189       0.000003
   29  0.597545  0.057199  0.600755 -0.037594  0.599150  0.009802  0.047424    1.9398       0.000003
   30  0.573365  0.058821  0.577100 -0.040887  0.575232  0.008967  0.049889    2.1451       0.000001
   31  0.549009  0.060168  0.553227 -0.044088  0.551118  0.008040  0.052171    2.3168       0.000002
   32  0.524534  0.061229  0.529131 -0.047149  0.526833  0.007040  0.054238    2.4289       0.000002
   33  0.500000  0.062005  0.504808 -0.050012  0.502404  0.005996  0.056060    2.4578       0.000001
   34  0.475466  0.062507  0.480269 -0.052607  0.477867  0.004950  0.057607    2.3891       0.000000
   35  0.450991  0.062753  0.455554 -0.054857  0.453273  0.003948  0.058849    2.2219       0.000000
   36  0.426635  0.062760  0.430741 -0.056687  0.428688  0.003036  0.059759    1.9690       0.000000
   37  0.402455  0.062543  0.405941 -0.058039  0.404198  0.002252  0.060316    1.6558       0.000000
   38  0.378510  0.062114  0.381292 -0.058876  0.379901  0.001619  0.060511    1.3170       0.000000
   39  0.354858  0.061478  0.356942 -0.059201  0.355900  0.001139  0.060348    0.9895       0.000000
   40  0.331555  0.060642  0.333028 -0.059046  0.332291  0.000798  0.059849    0.7050       0.000000
   41  0.308658  0.059612  0.309660 -0.058477  0.309159  0.000567  0.059047    0.4861       0.000001
   42  0.286222  0.058399  0.286913 -0.057572  0.286567  0.000413  0.057986    0.3413       0.000001
   43  0.264302  0.057011  0.264818 -0.056402  0.264560  0.000304  0.056707    0.2604       0.000001
   44  0.242949  0.055455  0.243375 -0.055020  0.243162  0.000218  0.055238    0.2208       0.000001
   45  0.222215  0.053740  0.222591 -0.053453  0.222403  0.000143  0.053597    0.2009       0.000001
   46  0.202150  0.051872  0.202491 -0.051720  0.202320  0.000076  0.051797    0.1885       0.000001
   47  0.182803  0.049862  0.183118 -0.049833  0.182960  0.000015  0.049848    0.1808       0.000001
   48  0.164221  0.047717  0.164517 -0.047804  0.164369 -0.000043  0.047761    0.1775       0.000001
   49  0.146447  0.045447  0.146725 -0.045642  0.146586 -0.000098  0.045545    0.1749       0.000002
   50  0.129524  0.043063  0.129777 -0.043358  0.129651 -0.000148  0.043210    0.1679       0.000002
   51  0.113495  0.040578  0.113716 -0.040961  0.113606 -0.000192  0.040769    0.1553       0.000000
   52  0.098396  0.038004  0.098581 -0.038461  0.098488 -0.000229  0.038233    0.1383       0.000002
   53  0.084265  0.035354  0.084405 -0.035868  0.084335 -0.000257  0.035611    0.1124       0.000003
   54  0.071136  0.032639  0.071214 -0.033184  0.071175 -0.000272  0.032912    0.0680       0.000002
   55  0.059039  0.029871  0.059034 -0.030412  0.059037 -0.000271  0.030141   -0.0047       0.000001
   56  0.048005  0.027061  0.047901 -0.027555  0.047953 -0.000247  0.027308   -0.1089       0.000003
   57  0.038060  0.024218  0.037860 -0.024620  0.037960 -0.000201  0.024419   -0.2347       0.000004
   58  0.029228  0.021346  0.028961 -0.021624  0.029094 -0.000139  0.021485   -0.3562       0.000006
   59  0.021530  0.018437  0.021246 -0.018584  0.021388 -0.000074  0.018511   -0.4400       0.000007
   60  0.014984  0.015482  0.014735 -0.015520  0.014859 -0.000019  0.015501   -0.4608       0.000003
   61  0.009607  0.012473  0.009427 -0.012441  0.009517  0.000016  0.012458   -0.4136       0.000009
   62  0.005412  0.009411  0.005309 -0.009354  0.005361  0.000029  0.009383   -0.3134       0.000014
   63  0.002408  0.006303  0.002367 -0.006256  0.002388  0.000024  0.006279   -0.1865       0.000021
   64  0.000602  0.003160  0.000594 -0.003137  0.000598  0.000011  0.003149   -0.0729       0.000033
   65  0.000000  0.000026  0.000000  0.000026  0.000000  0.000026  0.000000    0.5768       0.000021
  
1     TITLE--  RAE 2822 AIRFOIL                                                                

                          --UPPER SURFACE INTERPOLATED COORDINATES--

         I          XU             YU           DY/DX      D(DY/DX)/DX      CURVATURE
         1       0.000000       0.000001   0.100000E+99   0.100000E+99   0.120481E+03
         2       0.000252       0.002046   0.405389E+01  -0.806030E+04   0.110727E+03
         3       0.001007       0.004084   0.202161E+01  -0.101205E+04   0.882111E+02
         4       0.002264       0.006113   0.134142E+01  -0.301638E+03   0.643999E+02
         5       0.004023       0.008129   0.999435E+00  -0.127999E+03   0.452927E+02
         6       0.006281       0.010127   0.793221E+00  -0.659773E+02   0.317273E+02
         7       0.009036       0.012105   0.655101E+00  -0.384296E+02   0.224929E+02
         8       0.012285       0.014061   0.556163E+00  -0.242476E+02   0.161846E+02
         9       0.016026       0.015993   0.482073E+00  -0.162151E+02   0.118521E+02
        10       0.020254       0.017904   0.424967E+00  -0.112810E+02   0.879414E+01
        11       0.024964       0.019793   0.379924E+00  -0.811673E+01   0.663051E+01
        12       0.030154       0.021666   0.343720E+00  -0.600943E+01   0.508261E+01
        13       0.035816       0.023525   0.314018E+00  -0.458488E+01   0.398166E+01
        14       0.041946       0.025370   0.289164E+00  -0.360370E+01   0.319474E+01
        15       0.048537       0.027204   0.267866E+00  -0.290458E+01   0.261783E+01
        16       0.055582       0.029023   0.249238E+00  -0.241119E+01   0.220278E+01
        17       0.063075       0.030827   0.232654E+00  -0.203797E+01   0.188303E+01
        18       0.071008       0.032611   0.217682E+00  -0.175074E+01   0.163328E+01
        19       0.079373       0.034374   0.204041E+00  -0.152105E+01   0.143078E+01
        20       0.088162       0.036111   0.191522E+00  -0.133513E+01   0.126490E+01
        21       0.097365       0.037819   0.179965E+00  -0.118263E+01   0.112742E+01
        22       0.106973       0.039496   0.169226E+00  -0.105775E+01   0.101389E+01
        23       0.116978       0.041138   0.159178E+00  -0.955380E+00   0.920186E+00
        24       0.127368       0.042742   0.149702E+00  -0.871757E+00   0.843252E+00
        25       0.138133       0.044304   0.140703E+00  -0.802654E+00   0.779395E+00
        26       0.149263       0.045822   0.132104E+00  -0.743792E+00   0.724738E+00
        27       0.160745       0.047291   0.123874E+00  -0.691602E+00   0.675984E+00
        28       0.172570       0.048708   0.115981E+00  -0.643661E+00   0.630888E+00
        29       0.184724       0.050072   0.108423E+00  -0.601055E+00   0.590610E+00
        30       0.197195       0.051378   0.101172E+00  -0.563054E+00   0.554518E+00
        31       0.209972       0.052626   0.941897E-01  -0.531001E+00   0.524013E+00
        32       0.223040       0.053812   0.874330E-01  -0.503857E+00   0.498134E+00
        33       0.236387       0.054935   0.808703E-01  -0.480248E+00   0.475575E+00
        34       0.250000       0.055992   0.744774E-01  -0.459095E+00   0.455301E+00
        35       0.263864       0.056981   0.682476E-01  -0.440177E+00   0.437120E+00
        36       0.277967       0.057900   0.621564E-01  -0.424143E+00   0.421697E+00
        37       0.292292       0.058748   0.561769E-01  -0.411667E+00   0.409726E+00
        38       0.306827       0.059521   0.502609E-01  -0.402752E+00   0.401230E+00
        39       0.321557       0.060218   0.443785E-01  -0.396339E+00   0.395171E+00
        40       0.336466       0.060836   0.385074E-01  -0.390934E+00   0.390066E+00
        41       0.351540       0.061372   0.326582E-01  -0.385453E+00   0.384837E+00
        42       0.366763       0.061825   0.268355E-01  -0.379292E+00   0.378883E+00
        43       0.382121       0.062192   0.210509E-01  -0.374467E+00   0.374218E+00
        44       0.397597       0.062473   0.152768E-01  -0.372035E+00   0.371905E+00
        45       0.413176       0.062666   0.947217E-02  -0.374379E+00   0.374329E+00
        46       0.428843       0.062768   0.356588E-02  -0.380513E+00   0.380506E+00
        47       0.444581       0.062777  -0.251787E-02  -0.392890E+00   0.392887E+00
        48       0.460375       0.062688  -0.883897E-02  -0.408410E+00   0.408362E+00
        49       0.476209       0.062496  -0.154487E-01  -0.426715E+00   0.426562E+00
        50       0.492067       0.062196  -0.223600E-01  -0.445296E+00   0.444962E+00
        51       0.507933       0.061785  -0.295752E-01  -0.463048E+00   0.462441E+00
        52       0.523791       0.061257  -0.370499E-01  -0.480083E+00   0.479096E+00
        53       0.539625       0.060609  -0.447221E-01  -0.488889E+00   0.487426E+00
        54       0.555419       0.059842  -0.525025E-01  -0.492616E+00   0.490586E+00
        55       0.571157       0.058955  -0.602180E-01  -0.488169E+00   0.485526E+00
        56       0.586824       0.057952  -0.677459E-01  -0.470951E+00   0.467727E+00
        57       0.602403       0.056840  -0.749303E-01  -0.449988E+00   0.446224E+00
        58       0.617879       0.055628  -0.816974E-01  -0.424470E+00   0.420256E+00
        59       0.633237       0.054324  -0.880373E-01  -0.401790E+00   0.397164E+00
        60       0.648460       0.052938  -0.939883E-01  -0.381315E+00   0.376318E+00
        61       0.663534       0.051478  -0.996271E-01  -0.366705E+00   0.361312E+00
        62       0.678443       0.049953  -0.105004E+00  -0.355876E+00   0.350071E+00
        63       0.693173       0.048368  -0.110179E+00  -0.347104E+00   0.340878E+00
        64       0.707708       0.046730  -0.115179E+00  -0.340824E+00   0.334152E+00
        65       0.722033       0.045045  -0.120016E+00  -0.334576E+00   0.327476E+00
        66       0.736136       0.043319  -0.124689E+00  -0.327985E+00   0.320482E+00
        67       0.750000       0.041559  -0.129191E+00  -0.321273E+00   0.313394E+00
        68       0.763613       0.039771  -0.133515E+00  -0.314274E+00   0.306054E+00
        69       0.776960       0.037961  -0.137662E+00  -0.306899E+00   0.298377E+00
        70       0.790028       0.036136  -0.141630E+00  -0.300177E+00   0.291367E+00
        71       0.802805       0.034303  -0.145416E+00  -0.292514E+00   0.283475E+00
        72       0.815276       0.032467  -0.149014E+00  -0.284060E+00   0.274855E+00
        73       0.827430       0.030635  -0.152421E+00  -0.276870E+00   0.267494E+00
        74       0.839255       0.028813  -0.155649E+00  -0.270171E+00   0.260642E+00
        75       0.850737       0.027008  -0.158733E+00  -0.266646E+00   0.256876E+00
        76       0.861867       0.025225  -0.161695E+00  -0.266821E+00   0.256688E+00
        77       0.872632       0.023469  -0.164573E+00  -0.268342E+00   0.257798E+00
        78       0.883022       0.021744  -0.167383E+00  -0.272405E+00   0.261345E+00
        79       0.893027       0.020056  -0.170131E+00  -0.277501E+00   0.265874E+00
        80       0.902635       0.018409  -0.172823E+00  -0.283067E+00   0.270843E+00
        81       0.911838       0.016806  -0.175463E+00  -0.290605E+00   0.277683E+00
        82       0.920627       0.015252  -0.178050E+00  -0.298497E+00   0.284845E+00
        83       0.928992       0.013753  -0.180581E+00  -0.306571E+00   0.292164E+00
        84       0.936925       0.012310  -0.183049E+00  -0.315774E+00   0.300543E+00
        85       0.944418       0.010930  -0.185452E+00  -0.326863E+00   0.310697E+00
        86       0.951463       0.009615  -0.187802E+00  -0.340511E+00   0.323259E+00
        87       0.958054       0.008370  -0.190111E+00  -0.360877E+00   0.342160E+00
        88       0.964184       0.007197  -0.192388E+00  -0.383288E+00   0.362952E+00
        89       0.969846       0.006102  -0.194628E+00  -0.408038E+00   0.385904E+00
        90       0.975036       0.005086  -0.196822E+00  -0.439271E+00   0.414928E+00
        91       0.979746       0.004154  -0.198971E+00  -0.478494E+00   0.451423E+00
        92       0.983974       0.003308  -0.201111E+00  -0.534646E+00   0.503776E+00
        93       0.987715       0.002552  -0.203241E+00  -0.611883E+00   0.575838E+00
        94       0.990964       0.001888  -0.205360E+00  -0.696380E+00   0.654541E+00
        95       0.993719       0.001320  -0.207404E+00  -0.788046E+00   0.739801E+00
        96       0.995977       0.000849  -0.209275E+00  -0.871379E+00   0.817116E+00
        97       0.997736       0.000480  -0.210869E+00  -0.941440E+00   0.881965E+00
        98       0.998993       0.000214  -0.212085E+00  -0.994090E+00   0.930601E+00
        99       0.999748       0.000054  -0.212848E+00  -0.102657E+01   0.960564E+00
       100       1.000000       0.000000  -0.213108E+00  -0.103757E+01   0.970697E+00

          CHORD =  1.000000
1     TITLE--  RAE 2822 AIRFOIL                                                                

                          --LOWER SURFACE INTERPOLATED COORDINATES--

         I          XL             YL           DY/DX      D(DY/DX)/DX      CURVATURE
         1       0.000000       0.000001   0.100000E+99   0.100000E+99   0.120481E+03
         2       0.000252      -0.002043  -0.405547E+01   0.805700E+04   0.110560E+03
         3       0.001007      -0.004084  -0.202503E+01   0.100973E+04   0.876508E+02
         4       0.002264      -0.006118  -0.134752E+01   0.299716E+03   0.634319E+02
         5       0.004023      -0.008148  -0.100838E+01   0.126608E+03   0.442033E+02
         6       0.006281      -0.010169  -0.804875E+00   0.649997E+02   0.307288E+02
         7       0.009036      -0.012183  -0.668900E+00   0.377992E+02   0.217064E+02
         8       0.012285      -0.014186  -0.571421E+00   0.239702E+02   0.156892E+02
         9       0.016026      -0.016177  -0.497898E+00   0.161952E+02   0.116176E+02
        10       0.020254      -0.018153  -0.440327E+00   0.114933E+02   0.881051E+01
        11       0.024964      -0.020112  -0.393894E+00   0.848595E+01   0.683504E+01
        12       0.030154      -0.022052  -0.355496E+00   0.646830E+01   0.541083E+01
        13       0.035816      -0.023970  -0.323137E+00   0.506210E+01   0.436145E+01
        14       0.041946      -0.025863  -0.295420E+00   0.404451E+01   0.356745E+01
        15       0.048537      -0.027728  -0.271396E+00   0.328978E+01   0.295712E+01
        16       0.055582      -0.029563  -0.250376E+00   0.271017E+01   0.247393E+01
        17       0.063075      -0.031368  -0.231832E+00   0.226092E+01   0.209017E+01
        18       0.071008      -0.033140  -0.215369E+00   0.190713E+01   0.178174E+01
        19       0.079373      -0.034878  -0.200641E+00   0.162699E+01   0.153347E+01
        20       0.088162      -0.036582  -0.187365E+00   0.140601E+01   0.133509E+01
        21       0.097365      -0.038249  -0.175264E+00   0.123090E+01   0.117628E+01
        22       0.106973      -0.039879  -0.164119E+00   0.109534E+01   0.105253E+01
        23       0.116978      -0.041468  -0.153736E+00   0.984899E+00   0.950986E+00
        24       0.127368      -0.043014  -0.143991E+00   0.894284E+00   0.867176E+00
        25       0.138133      -0.044513  -0.134795E+00   0.816443E+00   0.794686E+00
        26       0.149263      -0.045965  -0.126088E+00   0.750449E+00   0.732902E+00
        27       0.160745      -0.047364  -0.117801E+00   0.694787E+00   0.680571E+00
        28       0.172570      -0.048710  -0.109867E+00   0.649084E+00   0.637506E+00
        29       0.184724      -0.049998  -0.102218E+00   0.610873E+00   0.601423E+00
        30       0.197195      -0.051226  -0.948074E-01   0.578521E+00   0.570807E+00
        31       0.209972      -0.052391  -0.875963E-01   0.551151E+00   0.544868E+00
        32       0.223040      -0.053489  -0.805493E-01   0.528490E+00   0.523388E+00
        33       0.236387      -0.054518  -0.735857E-01   0.515506E+00   0.511347E+00
        34       0.250000      -0.055472  -0.666098E-01   0.514052E+00   0.510650E+00
        35       0.263864      -0.056346  -0.594267E-01   0.522334E+00   0.519579E+00
        36       0.277967      -0.057131  -0.518219E-01   0.556732E+00   0.554497E+00
        37       0.292292      -0.057815  -0.435667E-01   0.601320E+00   0.599612E+00
        38       0.306827      -0.058383  -0.344098E-01   0.658362E+00   0.657194E+00
        39       0.321557      -0.058816  -0.242825E-01   0.716751E+00   0.716117E+00
        40       0.336466      -0.059096  -0.131732E-01   0.769655E+00   0.769455E+00
        41       0.351540      -0.059206  -0.125377E-02   0.811993E+00   0.811991E+00
        42       0.366763      -0.059130   0.113154E-01   0.835129E+00   0.834968E+00
        43       0.382121      -0.058857   0.242798E-01   0.848244E+00   0.847495E+00
        44       0.397597      -0.058379   0.373528E-01   0.841882E+00   0.840123E+00
        45       0.413176      -0.057696   0.503330E-01   0.818703E+00   0.815602E+00
        46       0.428843      -0.056808   0.629273E-01   0.786674E+00   0.782024E+00
        47       0.444581      -0.055722   0.749096E-01   0.736731E+00   0.730573E+00
        48       0.460375      -0.054450   0.861227E-01   0.679215E+00   0.671727E+00
        49       0.476209      -0.053003   0.963816E-01   0.616568E+00   0.608075E+00
        50       0.492067      -0.051400   0.105593E+00   0.545542E+00   0.536543E+00
        51       0.507933      -0.049659   0.113694E+00   0.475471E+00   0.466399E+00
        52       0.523791      -0.047800   0.120679E+00   0.405529E+00   0.396829E+00
        53       0.539625      -0.045840   0.126604E+00   0.343100E+00   0.335013E+00
        54       0.555419      -0.043801   0.131543E+00   0.285011E+00   0.277770E+00
        55       0.571157      -0.041697   0.135619E+00   0.232597E+00   0.226325E+00
        56       0.586824      -0.039546   0.138903E+00   0.187573E+00   0.182272E+00
        57       0.602403      -0.037361   0.141480E+00   0.144496E+00   0.140264E+00
        58       0.617879      -0.035156   0.143410E+00   0.104458E+00   0.101316E+00
        59       0.633237      -0.032942   0.144713E+00   0.657049E-01   0.636936E-01
        60       0.648460      -0.030733   0.145410E+00   0.260609E-01   0.252556E-01
        61       0.663534      -0.028540   0.145509E+00  -0.136293E-01   0.132076E-01
        62       0.678443      -0.026374   0.145004E+00  -0.538197E-01   0.521658E-01
        63       0.693173      -0.024245   0.143902E+00  -0.959604E-01   0.930550E-01
        64       0.707708      -0.022165   0.142210E+00  -0.137895E+00   0.133815E+00
        65       0.722033      -0.020144   0.139922E+00  -0.180508E+00   0.175334E+00
        66       0.736136      -0.018190   0.137069E+00  -0.224778E+00   0.218589E+00
        67       0.750000      -0.016312   0.133702E+00  -0.261911E+00   0.255042E+00
        68       0.763613      -0.014517   0.129880E+00  -0.296855E+00   0.289499E+00
        69       0.776960      -0.012811   0.125712E+00  -0.328439E+00   0.320804E+00
        70       0.790028      -0.011197   0.121242E+00  -0.355857E+00   0.348153E+00
        71       0.802805      -0.009678   0.116505E+00  -0.386373E+00   0.378637E+00
        72       0.815276      -0.008256   0.111478E+00  -0.420694E+00   0.412972E+00
        73       0.827430      -0.006933   0.106131E+00  -0.460188E+00   0.452521E+00
        74       0.839255      -0.005711   0.100433E+00  -0.504125E+00   0.496592E+00
        75       0.850737      -0.004592   0.943786E-01  -0.551581E+00   0.544293E+00
        76       0.861867      -0.003577   0.879619E-01  -0.602012E+00   0.595092E+00
        77       0.872632      -0.002666   0.811919E-01  -0.656584E+00   0.650145E+00
        78       0.883022      -0.001859   0.740752E-01  -0.714621E+00   0.708779E+00
        79       0.893027      -0.001155   0.666245E-01  -0.774931E+00   0.769800E+00
        80       0.902635      -0.000551   0.588790E-01  -0.837962E+00   0.833623E+00
        81       0.911838      -0.000046   0.508912E-01  -0.899132E+00   0.895650E+00
        82       0.920627       0.000366   0.427105E-01  -0.962872E+00   0.960244E+00
        83       0.928992       0.000689   0.343840E-01  -0.102920E+01   0.102737E+01
        84       0.936925       0.000929   0.259281E-01  -0.110397E+01   0.110286E+01
        85       0.944418       0.001091   0.173672E-01  -0.118239E+01   0.118186E+01
        86       0.951463       0.001183   0.875472E-02  -0.126394E+01   0.126379E+01
        87       0.958054       0.001213   0.211985E-03  -0.132755E+01   0.132755E+01
        88       0.964184       0.001189  -0.809960E-02  -0.137698E+01   0.137684E+01
        89       0.969846       0.001121  -0.159713E-01  -0.140343E+01   0.140289E+01
        90       0.975036       0.001019  -0.232815E-01  -0.141024E+01   0.140910E+01
        91       0.979746       0.000894  -0.299241E-01  -0.140957E+01   0.140768E+01
        92       0.983974       0.000755  -0.358748E-01  -0.140472E+01   0.140202E+01
        93       0.987715       0.000611  -0.411233E-01  -0.140204E+01   0.139849E+01
        94       0.990964       0.000470  -0.456744E-01  -0.139987E+01   0.139550E+01
        95       0.993719       0.000339  -0.495314E-01  -0.139986E+01   0.139473E+01
        96       0.995977       0.000223  -0.526917E-01  -0.139948E+01   0.139368E+01
        97       0.997736       0.000128  -0.551530E-01  -0.139884E+01   0.139248E+01
        98       0.998993       0.000058  -0.569109E-01  -0.139808E+01   0.139131E+01
        99       0.999748       0.000015  -0.579662E-01  -0.139745E+01   0.139043E+01
       100       1.000000       0.000000  -0.583183E-01  -0.139720E+01   0.139011E+01
  




                                                -- THE LAST CASE HAS BEEN PROCESSED --
